{"code":8000,"codeName":"AtlasError","connectionGeneration":0,"level":"warn","ok":0}
{"level":"warn","message":"Route: /failedlogin 404 Not Found Method: GET "}
{"level":"warn","message":"Route: /failedlogin 404 Not Found Method: GET "}
{"level":"warn","message":"Route: /failedlogin 404 Not Found Method: GET "}
{"level":"warn","message":"error adding product to cart TypeError: Cannot read properties of undefined (reading 'cart')"}
{"level":"warn","message":"Route: /favicon.ico 404 Not Found Method: GET "}
{"level":"warn","message":"Route: /favicon.ico 404 Not Found Method: GET "}
{"level":"warn","message":"Route: /favicon.ico 404 Not Found Method: GET "}
{"level":"warn","message":"Route: /favicon.ico 404 Not Found Method: GET "}
{"level":"warn","message":"Route: /favicon.ico 404 Not Found Method: GET "}
{"level":"warn","message":"error creating new Message ValidationError: message: Path `message` is required."}
{"level":"warn","message":"error creating new Message ValidationError: message: Path `message` is required."}
{"level":"warn","message":"error adding product to cart TypeError: Cannot read properties of undefined (reading 'cart')"}
{"level":"warn","message":"error adding product to cart TypeError: Cannot read properties of undefined (reading 'cart')"}
{"level":"warn","message":"error adding product to cart TypeError: Cannot read properties of undefined (reading 'cart')"}
{"level":"warn","message":"error adding product to cart TypeError: Cannot read properties of undefined (reading 'cart')"}
{"level":"warn","message":"error adding product to cart TypeError: Cannot read properties of undefined (reading 'cart')"}
{"level":"warn","message":"error adding product to cart TypeError: Cannot read properties of undefined (reading 'cart')"}
{"level":"warn","message":"error adding product to cart TypeError: Cannot read properties of undefined (reading 'cart')"}
{"level":"warn","message":"error adding product to cart TypeError: Cannot read properties of undefined (reading 'cart')"}
{"level":"warn","message":"error adding product to cart TypeError: Cannot read properties of undefined (reading 'cart')"}
{"level":"warn","message":"error adding product to cart TypeError: Cannot read properties of undefined (reading 'cart')"}
{"level":"warn","message":"error adding product to cart TypeError: Cannot read properties of undefined (reading 'cart')"}
{"level":"warn","message":"Route: /login 404 Not Found Method: GET "}
{"level":"warn","message":"error adding product to cart TypeError: Cannot read properties of undefined (reading 'cart')"}
{"level":"warn","message":"error adding product to cart TypeError: Cannot read properties of undefined (reading 'cart')"}
{"level":"warn","message":"error adding product to cart TypeError: Cannot read properties of undefined (reading 'cart')"}
{"level":"warn","message":"error adding product to cart TypeError: Cannot read properties of undefined (reading 'cart')"}
{"level":"warn","message":"error adding product to cart TypeError: Cannot read properties of undefined (reading 'cart')"}
{"level":"warn","message":"error adding product to cart TypeError: Cannot read properties of undefined (reading 'cart')"}
{"level":"warn","message":"error adding product to cart TypeError: Cannot read properties of undefined (reading 'cart')"}
{"level":"warn","message":"error adding product to cart TypeError: Cannot read properties of undefined (reading 'cart')"}
{"level":"warn","message":"Route: /failedlogin 404 Not Found Method: GET "}
{"level":"warn","message":"Route: /failedlogin 404 Not Found Method: GET "}
{"level":"warn","message":"Route: /failedlogin 404 Not Found Method: GET "}
{"level":"warn","message":"Route: /failedlogin 404 Not Found Method: GET "}
{"level":"warn","message":"Route: /failedlogin 404 Not Found Method: GET "}
{"level":"warn","message":"Route: /login 404 Not Found Method: GET "}
{"level":"warn","message":"Route: /failedlogin 404 Not Found Method: GET "}
{"level":"warn","message":"Route: /failedlogin 404 Not Found Method: GET "}
{"level":"warn","message":"Route: /failedlogin 404 Not Found Method: GET "}
{"level":"warn","message":"Route: /failedlogin 404 Not Found Method: GET "}
{"level":"warn","message":"Route: /failedlogin 404 Not Found Method: GET "}
